{"/home/dumbways/Code/Bootcamp/B54-Online/backend/src/index.ts": {"path":"/home/dumbways/Code/Bootcamp/B54-Online/backend/src/index.ts","statementMap":{"0":{"start":{"line":1,"column":0},"end":{"line":1,"column":24}},"1":{"start":{"line":2,"column":0},"end":{"line":2,"column":28}},"2":{"start":{"line":3,"column":0},"end":{"line":3,"column":67}},"3":{"start":{"line":4,"column":0},"end":{"line":4,"column":48}},"4":{"start":{"line":5,"column":0},"end":{"line":5,"column":52}},"5":{"start":{"line":6,"column":0},"end":{"line":6,"column":48}},"6":{"start":{"line":7,"column":0},"end":{"line":7,"column":51}},"7":{"start":{"line":8,"column":0},"end":{"line":8,"column":58}},"8":{"start":{"line":9,"column":0},"end":{"line":9,"column":43}},"9":{"start":{"line":10,"column":0},"end":{"line":10,"column":56}},"10":{"start":{"line":11,"column":0},"end":{"line":11,"column":66}},"11":{"start":{"line":12,"column":0},"end":{"line":12,"column":47}},"12":{"start":{"line":13,"column":0},"end":{"line":13,"column":46}},"13":{"start":{"line":15,"column":0},"end":{"line":15,"column":16}},"14":{"start":{"line":17,"column":13},"end":{"line":17,"column":29}},"15":{"start":{"line":18,"column":13},"end":{"line":18,"column":37}},"16":{"start":{"line":19,"column":15},"end":{"line":19,"column":31}},"17":{"start":{"line":20,"column":17},"end":{"line":20,"column":33}},"18":{"start":{"line":22,"column":0},"end":{"line":96,"column":3}},"19":{"start":{"line":23,"column":18},"end":{"line":31,"column":4}},"20":{"start":{"line":29,"column":42},"end":{"line":29,"column":71}},"21":{"start":{"line":33,"column":2},"end":{"line":33,"column":19}},"22":{"start":{"line":34,"column":2},"end":{"line":34,"column":18}},"23":{"start":{"line":35,"column":2},"end":{"line":35,"column":26}},"24":{"start":{"line":36,"column":2},"end":{"line":36,"column":29}},"25":{"start":{"line":37,"column":2},"end":{"line":37,"column":31}},"26":{"start":{"line":38,"column":2},"end":{"line":38,"column":49}},"27":{"start":{"line":39,"column":2},"end":{"line":49,"column":4}},"28":{"start":{"line":51,"column":2},"end":{"line":53,"column":5}},"29":{"start":{"line":52,"column":4},"end":{"line":52,"column":41}},"30":{"start":{"line":56,"column":2},"end":{"line":58,"column":5}},"31":{"start":{"line":57,"column":4},"end":{"line":57,"column":31}},"32":{"start":{"line":60,"column":2},"end":{"line":70,"column":4}},"33":{"start":{"line":64,"column":21},"end":{"line":64,"column":58}},"34":{"start":{"line":65,"column":6},"end":{"line":65,"column":54}},"35":{"start":{"line":65,"column":18},"end":{"line":65,"column":54}},"36":{"start":{"line":67,"column":6},"end":{"line":67,"column":13}},"37":{"start":{"line":71,"column":2},"end":{"line":71,"column":69}},"38":{"start":{"line":72,"column":2},"end":{"line":77,"column":4}},"39":{"start":{"line":78,"column":2},"end":{"line":78,"column":70}},"40":{"start":{"line":79,"column":2},"end":{"line":79,"column":71}},"41":{"start":{"line":81,"column":2},"end":{"line":81,"column":51}},"42":{"start":{"line":82,"column":2},"end":{"line":82,"column":57}},"43":{"start":{"line":83,"column":2},"end":{"line":83,"column":65}},"44":{"start":{"line":84,"column":2},"end":{"line":84,"column":63}},"45":{"start":{"line":86,"column":2},"end":{"line":86,"column":58}},"46":{"start":{"line":89,"column":2},"end":{"line":91,"column":5}},"47":{"start":{"line":90,"column":4},"end":{"line":90,"column":31}},"48":{"start":{"line":93,"column":2},"end":{"line":95,"column":5}},"49":{"start":{"line":94,"column":4},"end":{"line":94,"column":51}}},"fnMap":{"0":{"name":"(anonymous_1)","decl":{"start":{"line":22,"column":29},"end":{"line":22,"column":32}},"loc":{"start":{"line":22,"column":34},"end":{"line":96,"column":1}}},"1":{"name":"(anonymous_2)","decl":{"start":{"line":29,"column":19},"end":{"line":29,"column":20}},"loc":{"start":{"line":29,"column":42},"end":{"line":29,"column":71}}},"2":{"name":"(anonymous_3)","decl":{"start":{"line":51,"column":15},"end":{"line":51,"column":20}},"loc":{"start":{"line":51,"column":53},"end":{"line":53,"column":3}}},"3":{"name":"(anonymous_4)","decl":{"start":{"line":56,"column":18},"end":{"line":56,"column":19}},"loc":{"start":{"line":56,"column":50},"end":{"line":58,"column":3}}},"4":{"name":"(anonymous_5)","decl":{"start":{"line":63,"column":4},"end":{"line":63,"column":9}},"loc":{"start":{"line":63,"column":62},"end":{"line":68,"column":5}}},"5":{"name":"(anonymous_6)","decl":{"start":{"line":89,"column":20},"end":{"line":89,"column":21}},"loc":{"start":{"line":89,"column":52},"end":{"line":91,"column":3}}},"6":{"name":"(anonymous_7)","decl":{"start":{"line":93,"column":19},"end":{"line":93,"column":22}},"loc":{"start":{"line":93,"column":24},"end":{"line":95,"column":3}}}},"branchMap":{"0":{"loc":{"start":{"line":18,"column":13},"end":{"line":18,"column":37}},"type":"binary-expr","locations":[{"start":{"line":18,"column":13},"end":{"line":18,"column":29}},{"start":{"line":18,"column":33},"end":{"line":18,"column":37}}]},"1":{"loc":{"start":{"line":65,"column":6},"end":{"line":65,"column":54}},"type":"if","locations":[{"start":{"line":65,"column":6},"end":{"line":65,"column":54}}]}},"s":{"0":1,"1":1,"2":1,"3":1,"4":1,"5":1,"6":1,"7":1,"8":1,"9":1,"10":1,"11":1,"12":1,"13":1,"14":1,"15":1,"16":1,"17":1,"18":1,"19":1,"20":4,"21":1,"22":1,"23":1,"24":1,"25":1,"26":1,"27":1,"28":1,"29":0,"30":1,"31":0,"32":1,"33":0,"34":0,"35":0,"36":0,"37":1,"38":1,"39":1,"40":1,"41":1,"42":1,"43":1,"44":1,"45":1,"46":1,"47":0,"48":1,"49":1},"f":{"0":1,"1":4,"2":0,"3":0,"4":0,"5":0,"6":1},"b":{"0":[1,1],"1":[0]}}
,"/home/dumbways/Code/Bootcamp/B54-Online/backend/src/controllers/auth.ts": {"path":"/home/dumbways/Code/Bootcamp/B54-Online/backend/src/controllers/auth.ts","statementMap":{"0":{"start":{"line":2,"column":0},"end":{"line":2,"column":43}},"1":{"start":{"line":4,"column":0},"end":{"line":4,"column":31}},"2":{"start":{"line":5,"column":0},"end":{"line":5,"column":49}},"3":{"start":{"line":19,"column":2},"end":{"line":26,"column":null}},"4":{"start":{"line":20,"column":17},"end":{"line":20,"column":50}},"5":{"start":{"line":21,"column":4},"end":{"line":21,"column":19}},"6":{"start":{"line":23,"column":4},"end":{"line":25,"column":7}},"7":{"start":{"line":41,"column":2},"end":{"line":63,"column":null}},"8":{"start":{"line":42,"column":17},"end":{"line":42,"column":53}},"9":{"start":{"line":44,"column":18},"end":{"line":44,"column":70}},"10":{"start":{"line":45,"column":20},"end":{"line":45,"column":58}},"11":{"start":{"line":47,"column":17},"end":{"line":52,"column":6}},"12":{"start":{"line":54,"column":4},"end":{"line":54,"column":52}},"13":{"start":{"line":56,"column":4},"end":{"line":56,"column":57}},"14":{"start":{"line":58,"column":4},"end":{"line":58,"column":31}},"15":{"start":{"line":60,"column":4},"end":{"line":62,"column":7}},"16":{"start":{"line":67,"column":2},"end":{"line":73,"column":null}},"17":{"start":{"line":68,"column":4},"end":{"line":68,"column":30}},"18":{"start":{"line":70,"column":4},"end":{"line":72,"column":7}},"19":{"start":{"line":77,"column":2},"end":{"line":86,"column":null}},"20":{"start":{"line":78,"column":18},"end":{"line":78,"column":43}},"21":{"start":{"line":79,"column":4},"end":{"line":79,"column":36}},"22":{"start":{"line":80,"column":24},"end":{"line":80,"column":48}},"23":{"start":{"line":81,"column":4},"end":{"line":81,"column":46}},"24":{"start":{"line":83,"column":4},"end":{"line":85,"column":7}},"25":{"start":{"line":89,"column":0},"end":{"line":89,"column":55}}},"fnMap":{"0":{"name":"login","decl":{"start":{"line":7,"column":15},"end":{"line":7,"column":20}},"loc":{"start":{"line":7,"column":48},"end":{"line":27,"column":1}}},"1":{"name":"register","decl":{"start":{"line":29,"column":15},"end":{"line":29,"column":23}},"loc":{"start":{"line":29,"column":51},"end":{"line":64,"column":1}}},"2":{"name":"check","decl":{"start":{"line":66,"column":15},"end":{"line":66,"column":20}},"loc":{"start":{"line":66,"column":48},"end":{"line":74,"column":1}}},"3":{"name":"verifyEmail","decl":{"start":{"line":76,"column":15},"end":{"line":76,"column":26}},"loc":{"start":{"line":76,"column":54},"end":{"line":87,"column":1}}}},"branchMap":{"0":{"loc":{"start":{"line":23,"column":15},"end":{"line":23,"column":61}},"type":"cond-expr","locations":[{"start":{"line":23,"column":52},"end":{"line":23,"column":55}},{"start":{"line":23,"column":58},"end":{"line":23,"column":61}}]}},"s":{"0":1,"1":1,"2":1,"3":1,"4":1,"5":0,"6":1,"7":1,"8":1,"9":1,"10":1,"11":1,"12":1,"13":1,"14":1,"15":0,"16":0,"17":0,"18":0,"19":0,"20":0,"21":0,"22":0,"23":0,"24":0,"25":1},"f":{"0":1,"1":1,"2":0,"3":0},"b":{"0":[0,1]}}
,"/home/dumbways/Code/Bootcamp/B54-Online/backend/src/controllers/thread.ts": {"path":"/home/dumbways/Code/Bootcamp/B54-Online/backend/src/controllers/thread.ts","statementMap":{"0":{"start":{"line":2,"column":0},"end":{"line":2,"column":47}},"1":{"start":{"line":4,"column":0},"end":{"line":4,"column":44}},"2":{"start":{"line":7,"column":2},"end":{"line":13,"column":null}},"3":{"start":{"line":8,"column":20},"end":{"line":8,"column":46}},"4":{"start":{"line":9,"column":4},"end":{"line":9,"column":67}},"5":{"start":{"line":10,"column":4},"end":{"line":10,"column":22}},"6":{"start":{"line":12,"column":4},"end":{"line":12,"column":53}},"7":{"start":{"line":17,"column":2},"end":{"line":28,"column":null}},"8":{"start":{"line":18,"column":19},"end":{"line":18,"column":29}},"9":{"start":{"line":19,"column":19},"end":{"line":19,"column":58}},"10":{"start":{"line":21,"column":4},"end":{"line":23,"column":null}},"11":{"start":{"line":22,"column":6},"end":{"line":22,"column":67}},"12":{"start":{"line":25,"column":4},"end":{"line":25,"column":21}},"13":{"start":{"line":27,"column":4},"end":{"line":27,"column":53}},"14":{"start":{"line":43,"column":2},"end":{"line":55,"column":null}},"15":{"start":{"line":44,"column":17},"end":{"line":44,"column":50}},"16":{"start":{"line":45,"column":14},"end":{"line":47,"column":null}},"17":{"start":{"line":50,"column":4},"end":{"line":50,"column":42}},"18":{"start":{"line":51,"column":26},"end":{"line":51,"column":67}},"19":{"start":{"line":52,"column":4},"end":{"line":52,"column":40}},"20":{"start":{"line":54,"column":4},"end":{"line":54,"column":53}},"21":{"start":{"line":59,"column":2},"end":{"line":71,"column":null}},"22":{"start":{"line":60,"column":19},"end":{"line":60,"column":29}},"23":{"start":{"line":61,"column":19},"end":{"line":61,"column":58}},"24":{"start":{"line":63,"column":4},"end":{"line":65,"column":null}},"25":{"start":{"line":64,"column":6},"end":{"line":64,"column":67}},"26":{"start":{"line":67,"column":26},"end":{"line":67,"column":74}},"27":{"start":{"line":68,"column":4},"end":{"line":68,"column":28}},"28":{"start":{"line":70,"column":4},"end":{"line":70,"column":53}},"29":{"start":{"line":75,"column":2},"end":{"line":87,"column":null}},"30":{"start":{"line":76,"column":19},"end":{"line":76,"column":29}},"31":{"start":{"line":77,"column":19},"end":{"line":77,"column":58}},"32":{"start":{"line":79,"column":4},"end":{"line":81,"column":null}},"33":{"start":{"line":80,"column":6},"end":{"line":80,"column":67}},"34":{"start":{"line":83,"column":26},"end":{"line":83,"column":64}},"35":{"start":{"line":84,"column":4},"end":{"line":84,"column":28}},"36":{"start":{"line":86,"column":4},"end":{"line":86,"column":53}},"37":{"start":{"line":90,"column":0},"end":{"line":90,"column":57}}},"fnMap":{"0":{"name":"find","decl":{"start":{"line":6,"column":15},"end":{"line":6,"column":19}},"loc":{"start":{"line":6,"column":47},"end":{"line":14,"column":1}}},"1":{"name":"findOne","decl":{"start":{"line":16,"column":15},"end":{"line":16,"column":22}},"loc":{"start":{"line":16,"column":50},"end":{"line":29,"column":1}}},"2":{"name":"create","decl":{"start":{"line":31,"column":15},"end":{"line":31,"column":21}},"loc":{"start":{"line":31,"column":49},"end":{"line":56,"column":1}}},"3":{"name":"update","decl":{"start":{"line":58,"column":15},"end":{"line":58,"column":21}},"loc":{"start":{"line":58,"column":49},"end":{"line":72,"column":1}}},"4":{"name":"remove","decl":{"start":{"line":74,"column":15},"end":{"line":74,"column":21}},"loc":{"start":{"line":74,"column":49},"end":{"line":88,"column":1}}}},"branchMap":{"0":{"loc":{"start":{"line":21,"column":4},"end":{"line":23,"column":null}},"type":"if","locations":[{"start":{"line":21,"column":4},"end":{"line":23,"column":null}}]},"1":{"loc":{"start":{"line":47,"column":13},"end":{"line":47,"column":42}},"type":"cond-expr","locations":[{"start":{"line":47,"column":24},"end":{"line":47,"column":37}},{"start":{"line":47,"column":40},"end":{"line":47,"column":42}}]},"2":{"loc":{"start":{"line":63,"column":4},"end":{"line":65,"column":null}},"type":"if","locations":[{"start":{"line":63,"column":4},"end":{"line":65,"column":null}}]},"3":{"loc":{"start":{"line":79,"column":4},"end":{"line":81,"column":null}},"type":"if","locations":[{"start":{"line":79,"column":4},"end":{"line":81,"column":null}}]}},"s":{"0":1,"1":1,"2":0,"3":0,"4":0,"5":0,"6":0,"7":0,"8":0,"9":0,"10":0,"11":0,"12":0,"13":0,"14":0,"15":0,"16":0,"17":0,"18":0,"19":0,"20":0,"21":0,"22":0,"23":0,"24":0,"25":0,"26":0,"27":0,"28":0,"29":0,"30":0,"31":0,"32":0,"33":0,"34":0,"35":0,"36":0,"37":1},"f":{"0":0,"1":0,"2":0,"3":0,"4":0},"b":{"0":[0],"1":[0,0],"2":[0],"3":[0]}}
,"/home/dumbways/Code/Bootcamp/B54-Online/backend/src/controllers/user.ts": {"path":"/home/dumbways/Code/Bootcamp/B54-Online/backend/src/controllers/user.ts","statementMap":{"0":{"start":{"line":2,"column":0},"end":{"line":2,"column":43}},"1":{"start":{"line":5,"column":2},"end":{"line":13,"column":null}},"2":{"start":{"line":6,"column":19},"end":{"line":6,"column":45}},"3":{"start":{"line":7,"column":18},"end":{"line":7,"column":48}},"4":{"start":{"line":8,"column":4},"end":{"line":8,"column":27}},"5":{"start":{"line":10,"column":4},"end":{"line":12,"column":7}},"6":{"start":{"line":16,"column":0},"end":{"line":16,"column":24}}},"fnMap":{"0":{"name":"find","decl":{"start":{"line":4,"column":15},"end":{"line":4,"column":19}},"loc":{"start":{"line":4,"column":47},"end":{"line":14,"column":1}}}},"branchMap":{},"s":{"0":1,"1":0,"2":0,"3":0,"4":0,"5":0,"6":1},"f":{"0":0},"b":{}}
,"/home/dumbways/Code/Bootcamp/B54-Online/backend/src/libs/nodemailer.ts": {"path":"/home/dumbways/Code/Bootcamp/B54-Online/backend/src/libs/nodemailer.ts","statementMap":{"0":{"start":{"line":1,"column":0},"end":{"line":1,"column":36}},"1":{"start":{"line":3,"column":13},"end":{"line":11,"column":3}}},"fnMap":{},"branchMap":{},"s":{"0":1,"1":1},"f":{},"b":{}}
,"/home/dumbways/Code/Bootcamp/B54-Online/backend/src/libs/redis.ts": {"path":"/home/dumbways/Code/Bootcamp/B54-Online/backend/src/libs/redis.ts","statementMap":{"0":{"start":{"line":2,"column":0},"end":{"line":2,"column":37}},"1":{"start":{"line":7,"column":2},"end":{"line":13,"column":15}},"2":{"start":{"line":11,"column":6},"end":{"line":11,"column":45}},"3":{"start":{"line":15,"column":2},"end":{"line":15,"column":34}},"4":{"start":{"line":6,"column":0},"end":{"line":6,"column":7}}},"fnMap":{"0":{"name":"initializeRedisClient","decl":{"start":{"line":6,"column":22},"end":{"line":6,"column":43}},"loc":{"start":{"line":6,"column":43},"end":{"line":16,"column":1}}},"1":{"name":"(anonymous_1)","decl":{"start":{"line":10,"column":17},"end":{"line":10,"column":18}},"loc":{"start":{"line":10,"column":25},"end":{"line":12,"column":5}}}},"branchMap":{},"s":{"0":1,"1":1,"2":0,"3":1,"4":1},"f":{"0":1,"1":0},"b":{}}
,"/home/dumbways/Code/Bootcamp/B54-Online/backend/src/middlewares/authenticate.ts": {"path":"/home/dumbways/Code/Bootcamp/B54-Online/backend/src/middlewares/authenticate.ts","statementMap":{"0":{"start":{"line":2,"column":0},"end":{"line":2,"column":31}},"1":{"start":{"line":10,"column":30},"end":{"line":10,"column":55}},"2":{"start":{"line":12,"column":2},"end":{"line":16,"column":null}},"3":{"start":{"line":13,"column":4},"end":{"line":15,"column":7}},"4":{"start":{"line":18,"column":16},"end":{"line":18,"column":49}},"5":{"start":{"line":20,"column":2},"end":{"line":28,"column":null}},"6":{"start":{"line":21,"column":17},"end":{"line":21,"column":58}},"7":{"start":{"line":22,"column":4},"end":{"line":22,"column":27}},"8":{"start":{"line":23,"column":4},"end":{"line":23,"column":11}},"9":{"start":{"line":25,"column":4},"end":{"line":27,"column":7}},"10":{"start":{"line":4,"column":0},"end":{"line":4,"column":16}}},"fnMap":{"0":{"name":"authenticate","decl":{"start":{"line":4,"column":16},"end":{"line":4,"column":28}},"loc":{"start":{"line":4,"column":76},"end":{"line":29,"column":1}}}},"branchMap":{"0":{"loc":{"start":{"line":12,"column":2},"end":{"line":16,"column":null}},"type":"if","locations":[{"start":{"line":12,"column":2},"end":{"line":16,"column":null}}]},"1":{"loc":{"start":{"line":12,"column":6},"end":{"line":12,"column":72}},"type":"binary-expr","locations":[{"start":{"line":12,"column":6},"end":{"line":12,"column":26}},{"start":{"line":12,"column":30},"end":{"line":12,"column":72}}]}},"s":{"0":1,"1":0,"2":0,"3":0,"4":0,"5":0,"6":0,"7":0,"8":0,"9":0,"10":1},"f":{"0":0},"b":{"0":[0],"1":[0,0]}}
,"/home/dumbways/Code/Bootcamp/B54-Online/backend/src/middlewares/upload-file.ts": {"path":"/home/dumbways/Code/Bootcamp/B54-Online/backend/src/middlewares/upload-file.ts","statementMap":{"0":{"start":{"line":1,"column":0},"end":{"line":1,"column":28}},"1":{"start":{"line":2,"column":0},"end":{"line":2,"column":24}},"2":{"start":{"line":4,"column":16},"end":{"line":12,"column":2}},"3":{"start":{"line":6,"column":4},"end":{"line":6,"column":26}},"4":{"start":{"line":9,"column":25},"end":{"line":9,"column":35}},"5":{"start":{"line":10,"column":4},"end":{"line":10,"column":84}},"6":{"start":{"line":14,"column":13},"end":{"line":14,"column":42}}},"fnMap":{"0":{"name":"(anonymous_1)","decl":{"start":{"line":5,"column":15},"end":{"line":5,"column":16}},"loc":{"start":{"line":5,"column":33},"end":{"line":7,"column":3}}},"1":{"name":"(anonymous_2)","decl":{"start":{"line":8,"column":12},"end":{"line":8,"column":13}},"loc":{"start":{"line":8,"column":30},"end":{"line":11,"column":3}}}},"branchMap":{},"s":{"0":1,"1":1,"2":1,"3":0,"4":0,"5":0,"6":1},"f":{"0":0,"1":0},"b":{}}
,"/home/dumbways/Code/Bootcamp/B54-Online/backend/src/services/auth.ts": {"path":"/home/dumbways/Code/Bootcamp/B54-Online/backend/src/services/auth.ts","statementMap":{"0":{"start":{"line":1,"column":0},"end":{"line":1,"column":64}},"1":{"start":{"line":3,"column":0},"end":{"line":3,"column":65}},"2":{"start":{"line":4,"column":0},"end":{"line":4,"column":28}},"3":{"start":{"line":5,"column":0},"end":{"line":5,"column":31}},"4":{"start":{"line":8,"column":15},"end":{"line":8,"column":33}},"5":{"start":{"line":11,"column":2},"end":{"line":41,"column":null}},"6":{"start":{"line":12,"column":21},"end":{"line":12,"column":46}},"7":{"start":{"line":14,"column":4},"end":{"line":16,"column":null}},"8":{"start":{"line":15,"column":6},"end":{"line":15,"column":46}},"9":{"start":{"line":18,"column":17},"end":{"line":22,"column":6}},"10":{"start":{"line":24,"column":4},"end":{"line":24,"column":66}},"11":{"start":{"line":24,"column":26},"end":{"line":24,"column":66}},"12":{"start":{"line":26,"column":4},"end":{"line":26,"column":49}},"13":{"start":{"line":26,"column":15},"end":{"line":26,"column":49}},"14":{"start":{"line":28,"column":28},"end":{"line":28,"column":77}},"15":{"start":{"line":30,"column":4},"end":{"line":30,"column":62}},"16":{"start":{"line":30,"column":26},"end":{"line":30,"column":62}},"17":{"start":{"line":32,"column":4},"end":{"line":32,"column":25}},"18":{"start":{"line":34,"column":22},"end":{"line":34,"column":44}},"19":{"start":{"line":36,"column":18},"end":{"line":36,"column":43}},"20":{"start":{"line":38,"column":4},"end":{"line":38,"column":27}},"21":{"start":{"line":40,"column":4},"end":{"line":40,"column":56}},"22":{"start":{"line":45,"column":2},"end":{"line":62,"column":null}},"23":{"start":{"line":46,"column":21},"end":{"line":46,"column":49}},"24":{"start":{"line":48,"column":4},"end":{"line":50,"column":null}},"25":{"start":{"line":49,"column":6},"end":{"line":49,"column":46}},"26":{"start":{"line":52,"column":17},"end":{"line":52,"column":19}},"27":{"start":{"line":53,"column":27},"end":{"line":53,"column":64}},"28":{"start":{"line":55,"column":4},"end":{"line":55,"column":34}},"29":{"start":{"line":57,"column":4},"end":{"line":59,"column":7}},"30":{"start":{"line":61,"column":4},"end":{"line":61,"column":59}},"31":{"start":{"line":66,"column":2},"end":{"line":75,"column":null}},"32":{"start":{"line":67,"column":4},"end":{"line":72,"column":7}},"33":{"start":{"line":74,"column":4},"end":{"line":74,"column":65}},"34":{"start":{"line":79,"column":2},"end":{"line":102,"column":null}},"35":{"start":{"line":81,"column":25},"end":{"line":83,"column":6}},"36":{"start":{"line":85,"column":19},"end":{"line":85,"column":73}},"37":{"start":{"line":87,"column":4},"end":{"line":90,"column":null}},"38":{"start":{"line":89,"column":6},"end":{"line":89,"column":13}},"39":{"start":{"line":92,"column":4},"end":{"line":99,"column":7}},"40":{"start":{"line":101,"column":4},"end":{"line":101,"column":63}},"41":{"start":{"line":105,"column":0},"end":{"line":105,"column":63}}},"fnMap":{"0":{"name":"login","decl":{"start":{"line":10,"column":15},"end":{"line":10,"column":20}},"loc":{"start":{"line":10,"column":34},"end":{"line":42,"column":1}}},"1":{"name":"register","decl":{"start":{"line":44,"column":15},"end":{"line":44,"column":23}},"loc":{"start":{"line":44,"column":40},"end":{"line":63,"column":1}}},"2":{"name":"createVerification","decl":{"start":{"line":65,"column":15},"end":{"line":65,"column":33}},"loc":{"start":{"line":65,"column":71},"end":{"line":76,"column":1}}},"3":{"name":"verify","decl":{"start":{"line":78,"column":15},"end":{"line":78,"column":21}},"loc":{"start":{"line":78,"column":35},"end":{"line":103,"column":1}}}},"branchMap":{"0":{"loc":{"start":{"line":14,"column":4},"end":{"line":16,"column":null}},"type":"if","locations":[{"start":{"line":14,"column":4},"end":{"line":16,"column":null}}]},"1":{"loc":{"start":{"line":24,"column":4},"end":{"line":24,"column":66}},"type":"if","locations":[{"start":{"line":24,"column":4},"end":{"line":24,"column":66}}]},"2":{"loc":{"start":{"line":26,"column":4},"end":{"line":26,"column":49}},"type":"if","locations":[{"start":{"line":26,"column":4},"end":{"line":26,"column":49}}]},"3":{"loc":{"start":{"line":30,"column":4},"end":{"line":30,"column":62}},"type":"if","locations":[{"start":{"line":30,"column":4},"end":{"line":30,"column":62}}]},"4":{"loc":{"start":{"line":40,"column":20},"end":{"line":40,"column":54}},"type":"binary-expr","locations":[{"start":{"line":40,"column":20},"end":{"line":40,"column":33}},{"start":{"line":40,"column":37},"end":{"line":40,"column":54}}]},"5":{"loc":{"start":{"line":48,"column":4},"end":{"line":50,"column":null}},"type":"if","locations":[{"start":{"line":48,"column":4},"end":{"line":50,"column":null}}]},"6":{"loc":{"start":{"line":61,"column":20},"end":{"line":61,"column":57}},"type":"binary-expr","locations":[{"start":{"line":61,"column":20},"end":{"line":61,"column":33}},{"start":{"line":61,"column":37},"end":{"line":61,"column":57}}]},"7":{"loc":{"start":{"line":74,"column":20},"end":{"line":74,"column":63}},"type":"binary-expr","locations":[{"start":{"line":74,"column":20},"end":{"line":74,"column":33}},{"start":{"line":74,"column":37},"end":{"line":74,"column":63}}]},"8":{"loc":{"start":{"line":87,"column":4},"end":{"line":90,"column":null}},"type":"if","locations":[{"start":{"line":87,"column":4},"end":{"line":90,"column":null}}]},"9":{"loc":{"start":{"line":101,"column":20},"end":{"line":101,"column":61}},"type":"binary-expr","locations":[{"start":{"line":101,"column":20},"end":{"line":101,"column":33}},{"start":{"line":101,"column":37},"end":{"line":101,"column":61}}]}},"s":{"0":1,"1":1,"2":1,"3":1,"4":1,"5":1,"6":1,"7":1,"8":0,"9":1,"10":1,"11":1,"12":0,"13":0,"14":0,"15":0,"16":0,"17":0,"18":0,"19":0,"20":0,"21":1,"22":1,"23":1,"24":1,"25":0,"26":1,"27":1,"28":1,"29":1,"30":0,"31":1,"32":1,"33":0,"34":0,"35":0,"36":0,"37":0,"38":0,"39":0,"40":0,"41":1},"f":{"0":1,"1":1,"2":1,"3":0},"b":{"0":[0],"1":[1],"2":[0],"3":[0],"4":[1,0],"5":[0],"6":[0,0],"7":[0,0],"8":[0],"9":[0,0]}}
,"/home/dumbways/Code/Bootcamp/B54-Online/backend/src/services/thread.ts": {"path":"/home/dumbways/Code/Bootcamp/B54-Online/backend/src/services/thread.ts","statementMap":{"0":{"start":{"line":1,"column":0},"end":{"line":1,"column":46}},"1":{"start":{"line":3,"column":0},"end":{"line":3,"column":58}},"2":{"start":{"line":4,"column":0},"end":{"line":4,"column":46}},"3":{"start":{"line":6,"column":15},"end":{"line":6,"column":33}},"4":{"start":{"line":9,"column":2},"end":{"line":24,"column":null}},"5":{"start":{"line":10,"column":4},"end":{"line":21,"column":7}},"6":{"start":{"line":23,"column":4},"end":{"line":23,"column":50}},"7":{"start":{"line":28,"column":2},"end":{"line":38,"column":null}},"8":{"start":{"line":29,"column":19},"end":{"line":31,"column":6}},"9":{"start":{"line":33,"column":4},"end":{"line":33,"column":53}},"10":{"start":{"line":33,"column":17},"end":{"line":33,"column":53}},"11":{"start":{"line":35,"column":4},"end":{"line":35,"column":18}},"12":{"start":{"line":37,"column":4},"end":{"line":37,"column":66}},"13":{"start":{"line":42,"column":2},"end":{"line":64,"column":null}},"14":{"start":{"line":43,"column":21},"end":{"line":43,"column":53}},"15":{"start":{"line":45,"column":4},"end":{"line":47,"column":null}},"16":{"start":{"line":46,"column":6},"end":{"line":46,"column":46}},"17":{"start":{"line":49,"column":4},"end":{"line":53,"column":7}},"18":{"start":{"line":55,"column":19},"end":{"line":57,"column":6}},"19":{"start":{"line":59,"column":4},"end":{"line":61,"column":7}},"20":{"start":{"line":63,"column":4},"end":{"line":63,"column":64}},"21":{"start":{"line":68,"column":2},"end":{"line":89,"column":null}},"22":{"start":{"line":69,"column":19},"end":{"line":71,"column":6}},"23":{"start":{"line":73,"column":4},"end":{"line":73,"column":53}},"24":{"start":{"line":73,"column":17},"end":{"line":73,"column":53}},"25":{"start":{"line":75,"column":4},"end":{"line":77,"column":null}},"26":{"start":{"line":76,"column":6},"end":{"line":76,"column":35}},"27":{"start":{"line":79,"column":4},"end":{"line":81,"column":null}},"28":{"start":{"line":80,"column":6},"end":{"line":80,"column":31}},"29":{"start":{"line":83,"column":4},"end":{"line":86,"column":7}},"30":{"start":{"line":88,"column":4},"end":{"line":88,"column":64}},"31":{"start":{"line":93,"column":2},"end":{"line":99,"column":null}},"32":{"start":{"line":94,"column":4},"end":{"line":96,"column":7}},"33":{"start":{"line":98,"column":4},"end":{"line":98,"column":64}},"34":{"start":{"line":102,"column":0},"end":{"line":102,"column":57}}},"fnMap":{"0":{"name":"find","decl":{"start":{"line":8,"column":15},"end":{"line":8,"column":19}},"loc":{"start":{"line":8,"column":19},"end":{"line":25,"column":1}}},"1":{"name":"findOne","decl":{"start":{"line":27,"column":15},"end":{"line":27,"column":22}},"loc":{"start":{"line":27,"column":33},"end":{"line":39,"column":1}}},"2":{"name":"create","decl":{"start":{"line":41,"column":15},"end":{"line":41,"column":21}},"loc":{"start":{"line":41,"column":58},"end":{"line":65,"column":1}}},"3":{"name":"update","decl":{"start":{"line":67,"column":15},"end":{"line":67,"column":21}},"loc":{"start":{"line":67,"column":54},"end":{"line":90,"column":1}}},"4":{"name":"remove","decl":{"start":{"line":92,"column":15},"end":{"line":92,"column":21}},"loc":{"start":{"line":92,"column":32},"end":{"line":100,"column":1}}}},"branchMap":{"0":{"loc":{"start":{"line":33,"column":4},"end":{"line":33,"column":53}},"type":"if","locations":[{"start":{"line":33,"column":4},"end":{"line":33,"column":53}}]},"1":{"loc":{"start":{"line":37,"column":20},"end":{"line":37,"column":64}},"type":"binary-expr","locations":[{"start":{"line":37,"column":20},"end":{"line":37,"column":33}},{"start":{"line":37,"column":37},"end":{"line":37,"column":64}}]},"2":{"loc":{"start":{"line":45,"column":4},"end":{"line":47,"column":null}},"type":"if","locations":[{"start":{"line":45,"column":4},"end":{"line":47,"column":null}}]},"3":{"loc":{"start":{"line":63,"column":20},"end":{"line":63,"column":62}},"type":"binary-expr","locations":[{"start":{"line":63,"column":20},"end":{"line":63,"column":33}},{"start":{"line":63,"column":37},"end":{"line":63,"column":62}}]},"4":{"loc":{"start":{"line":73,"column":4},"end":{"line":73,"column":53}},"type":"if","locations":[{"start":{"line":73,"column":4},"end":{"line":73,"column":53}}]},"5":{"loc":{"start":{"line":75,"column":4},"end":{"line":77,"column":null}},"type":"if","locations":[{"start":{"line":75,"column":4},"end":{"line":77,"column":null}}]},"6":{"loc":{"start":{"line":79,"column":4},"end":{"line":81,"column":null}},"type":"if","locations":[{"start":{"line":79,"column":4},"end":{"line":81,"column":null}}]},"7":{"loc":{"start":{"line":88,"column":20},"end":{"line":88,"column":62}},"type":"binary-expr","locations":[{"start":{"line":88,"column":20},"end":{"line":88,"column":33}},{"start":{"line":88,"column":37},"end":{"line":88,"column":62}}]},"8":{"loc":{"start":{"line":98,"column":20},"end":{"line":98,"column":62}},"type":"binary-expr","locations":[{"start":{"line":98,"column":20},"end":{"line":98,"column":33}},{"start":{"line":98,"column":37},"end":{"line":98,"column":62}}]}},"s":{"0":1,"1":1,"2":1,"3":1,"4":0,"5":0,"6":0,"7":0,"8":0,"9":0,"10":0,"11":0,"12":0,"13":0,"14":0,"15":0,"16":0,"17":0,"18":0,"19":0,"20":0,"21":0,"22":0,"23":0,"24":0,"25":0,"26":0,"27":0,"28":0,"29":0,"30":0,"31":0,"32":0,"33":0,"34":1},"f":{"0":0,"1":0,"2":0,"3":0,"4":0},"b":{"0":[0],"1":[0,0],"2":[0],"3":[0,0],"4":[0],"5":[0],"6":[0],"7":[0,0],"8":[0,0]}}
,"/home/dumbways/Code/Bootcamp/B54-Online/backend/src/services/user.ts": {"path":"/home/dumbways/Code/Bootcamp/B54-Online/backend/src/services/user.ts","statementMap":{"0":{"start":{"line":1,"column":0},"end":{"line":1,"column":46}},"1":{"start":{"line":4,"column":15},"end":{"line":4,"column":33}},"2":{"start":{"line":7,"column":2},"end":{"line":18,"column":null}},"3":{"start":{"line":8,"column":4},"end":{"line":15,"column":7}},"4":{"start":{"line":17,"column":4},"end":{"line":17,"column":65}},"5":{"start":{"line":40,"column":0},"end":{"line":40,"column":24}}},"fnMap":{"0":{"name":"find","decl":{"start":{"line":6,"column":15},"end":{"line":6,"column":19}},"loc":{"start":{"line":6,"column":34},"end":{"line":19,"column":1}}}},"branchMap":{"0":{"loc":{"start":{"line":17,"column":20},"end":{"line":17,"column":63}},"type":"binary-expr","locations":[{"start":{"line":17,"column":20},"end":{"line":17,"column":33}},{"start":{"line":17,"column":37},"end":{"line":17,"column":63}}]}},"s":{"0":1,"1":1,"2":0,"3":0,"4":0,"5":1},"f":{"0":0},"b":{"0":[0,0]}}
,"/home/dumbways/Code/Bootcamp/B54-Online/backend/src/validators/auth.ts": {"path":"/home/dumbways/Code/Bootcamp/B54-Online/backend/src/validators/auth.ts","statementMap":{"0":{"start":{"line":1,"column":0},"end":{"line":1,"column":22}},"1":{"start":{"line":4,"column":13},"end":{"line":7,"column":3}},"2":{"start":{"line":9,"column":13},"end":{"line":14,"column":3}}},"fnMap":{},"branchMap":{},"s":{"0":1,"1":1,"2":1},"f":{},"b":{}}
,"/home/dumbways/Code/Bootcamp/B54-Online/backend/src/validators/thread.ts": {"path":"/home/dumbways/Code/Bootcamp/B54-Online/backend/src/validators/thread.ts","statementMap":{"0":{"start":{"line":1,"column":0},"end":{"line":1,"column":22}},"1":{"start":{"line":4,"column":13},"end":{"line":7,"column":3}}},"fnMap":{},"branchMap":{},"s":{"0":1,"1":1},"f":{},"b":{}}
}
