TN:
SF:src/index.ts
FN:22,(anonymous_1)
FN:29,(anonymous_2)
FN:51,(anonymous_3)
FN:56,(anonymous_4)
FN:63,(anonymous_5)
FN:89,(anonymous_6)
FN:93,(anonymous_7)
FNF:7
FNH:3
FNDA:1,(anonymous_1)
FNDA:4,(anonymous_2)
FNDA:0,(anonymous_3)
FNDA:0,(anonymous_4)
FNDA:0,(anonymous_5)
FNDA:0,(anonymous_6)
FNDA:1,(anonymous_7)
DA:1,1
DA:2,1
DA:3,1
DA:4,1
DA:5,1
DA:6,1
DA:7,1
DA:8,1
DA:9,1
DA:10,1
DA:11,1
DA:12,1
DA:13,1
DA:15,1
DA:17,1
DA:18,1
DA:19,1
DA:20,1
DA:22,1
DA:23,1
DA:29,4
DA:33,1
DA:34,1
DA:35,1
DA:36,1
DA:37,1
DA:38,1
DA:39,1
DA:51,1
DA:52,0
DA:56,1
DA:57,0
DA:60,1
DA:64,0
DA:65,0
DA:67,0
DA:71,1
DA:72,1
DA:78,1
DA:79,1
DA:81,1
DA:82,1
DA:83,1
DA:84,1
DA:86,1
DA:89,1
DA:90,0
DA:93,1
DA:94,1
LF:49
LH:43
BRDA:18,0,0,1
BRDA:18,0,1,1
BRDA:65,1,0,0
BRF:3
BRH:2
end_of_record
TN:
SF:src/controllers/auth.ts
FN:7,login
FN:29,register
FN:66,check
FN:76,verifyEmail
FNF:4
FNH:2
FNDA:1,login
FNDA:1,register
FNDA:0,check
FNDA:0,verifyEmail
DA:2,1
DA:4,1
DA:5,1
DA:19,1
DA:20,1
DA:21,0
DA:23,1
DA:41,1
DA:42,1
DA:44,1
DA:45,1
DA:47,1
DA:54,1
DA:56,1
DA:58,1
DA:60,0
DA:67,0
DA:68,0
DA:70,0
DA:77,0
DA:78,0
DA:79,0
DA:80,0
DA:81,0
DA:83,0
DA:89,1
LF:26
LH:15
BRDA:23,0,0,0
BRDA:23,0,1,1
BRF:2
BRH:1
end_of_record
TN:
SF:src/controllers/thread.ts
FN:6,find
FN:16,findOne
FN:31,create
FN:58,update
FN:74,remove
FNF:5
FNH:0
FNDA:0,find
FNDA:0,findOne
FNDA:0,create
FNDA:0,update
FNDA:0,remove
DA:2,1
DA:4,1
DA:7,0
DA:8,0
DA:9,0
DA:10,0
DA:12,0
DA:17,0
DA:18,0
DA:19,0
DA:21,0
DA:22,0
DA:25,0
DA:27,0
DA:43,0
DA:44,0
DA:45,0
DA:50,0
DA:51,0
DA:52,0
DA:54,0
DA:59,0
DA:60,0
DA:61,0
DA:63,0
DA:64,0
DA:67,0
DA:68,0
DA:70,0
DA:75,0
DA:76,0
DA:77,0
DA:79,0
DA:80,0
DA:83,0
DA:84,0
DA:86,0
DA:90,1
LF:38
LH:3
BRDA:21,0,0,0
BRDA:47,1,0,0
BRDA:47,1,1,0
BRDA:63,2,0,0
BRDA:79,3,0,0
BRF:5
BRH:0
end_of_record
TN:
SF:src/controllers/user.ts
FN:4,find
FNF:1
FNH:0
FNDA:0,find
DA:2,1
DA:5,0
DA:6,0
DA:7,0
DA:8,0
DA:10,0
DA:16,1
LF:7
LH:2
BRF:0
BRH:0
end_of_record
TN:
SF:src/libs/nodemailer.ts
FNF:0
FNH:0
DA:1,1
DA:3,1
LF:2
LH:2
BRF:0
BRH:0
end_of_record
TN:
SF:src/libs/redis.ts
FN:6,initializeRedisClient
FN:10,(anonymous_1)
FNF:2
FNH:1
FNDA:1,initializeRedisClient
FNDA:0,(anonymous_1)
DA:2,1
DA:6,1
DA:7,1
DA:11,0
DA:15,1
LF:5
LH:4
BRF:0
BRH:0
end_of_record
TN:
SF:src/middlewares/authenticate.ts
FN:4,authenticate
FNF:1
FNH:0
FNDA:0,authenticate
DA:2,1
DA:4,1
DA:10,0
DA:12,0
DA:13,0
DA:18,0
DA:20,0
DA:21,0
DA:22,0
DA:23,0
DA:25,0
LF:11
LH:2
BRDA:12,0,0,0
BRDA:12,1,0,0
BRDA:12,1,1,0
BRF:3
BRH:0
end_of_record
TN:
SF:src/middlewares/upload-file.ts
FN:5,(anonymous_1)
FN:8,(anonymous_2)
FNF:2
FNH:0
FNDA:0,(anonymous_1)
FNDA:0,(anonymous_2)
DA:1,1
DA:2,1
DA:4,1
DA:6,0
DA:9,0
DA:10,0
DA:14,1
LF:7
LH:4
BRF:0
BRH:0
end_of_record
TN:
SF:src/services/auth.ts
FN:10,login
FN:44,register
FN:65,createVerification
FN:78,verify
FNF:4
FNH:3
FNDA:1,login
FNDA:1,register
FNDA:1,createVerification
FNDA:0,verify
DA:1,1
DA:3,1
DA:4,1
DA:5,1
DA:8,1
DA:11,1
DA:12,1
DA:14,1
DA:15,0
DA:18,1
DA:24,1
DA:26,0
DA:28,0
DA:30,0
DA:32,0
DA:34,0
DA:36,0
DA:38,0
DA:40,1
DA:45,1
DA:46,1
DA:48,1
DA:49,0
DA:52,1
DA:53,1
DA:55,1
DA:57,1
DA:61,0
DA:66,1
DA:67,1
DA:74,0
DA:79,0
DA:81,0
DA:85,0
DA:87,0
DA:89,0
DA:92,0
DA:101,0
DA:105,1
LF:39
LH:21
BRDA:14,0,0,0
BRDA:24,1,0,1
BRDA:26,2,0,0
BRDA:30,3,0,0
BRDA:40,4,0,1
BRDA:40,4,1,0
BRDA:48,5,0,0
BRDA:61,6,0,0
BRDA:61,6,1,0
BRDA:74,7,0,0
BRDA:74,7,1,0
BRDA:87,8,0,0
BRDA:101,9,0,0
BRDA:101,9,1,0
BRF:14
BRH:2
end_of_record
TN:
SF:src/services/thread.ts
FN:8,find
FN:27,findOne
FN:41,create
FN:67,update
FN:92,remove
FNF:5
FNH:0
FNDA:0,find
FNDA:0,findOne
FNDA:0,create
FNDA:0,update
FNDA:0,remove
DA:1,1
DA:3,1
DA:4,1
DA:6,1
DA:9,0
DA:10,0
DA:23,0
DA:28,0
DA:29,0
DA:33,0
DA:35,0
DA:37,0
DA:42,0
DA:43,0
DA:45,0
DA:46,0
DA:49,0
DA:55,0
DA:59,0
DA:63,0
DA:68,0
DA:69,0
DA:73,0
DA:75,0
DA:76,0
DA:79,0
DA:80,0
DA:83,0
DA:88,0
DA:93,0
DA:94,0
DA:98,0
DA:102,1
LF:33
LH:5
BRDA:33,0,0,0
BRDA:37,1,0,0
BRDA:37,1,1,0
BRDA:45,2,0,0
BRDA:63,3,0,0
BRDA:63,3,1,0
BRDA:73,4,0,0
BRDA:75,5,0,0
BRDA:79,6,0,0
BRDA:88,7,0,0
BRDA:88,7,1,0
BRDA:98,8,0,0
BRDA:98,8,1,0
BRF:13
BRH:0
end_of_record
TN:
SF:src/services/user.ts
FN:6,find
FNF:1
FNH:0
FNDA:0,find
DA:1,1
DA:4,1
DA:7,0
DA:8,0
DA:17,0
DA:40,1
LF:6
LH:3
BRDA:17,0,0,0
BRDA:17,0,1,0
BRF:2
BRH:0
end_of_record
TN:
SF:src/validators/auth.ts
FNF:0
FNH:0
DA:1,1
DA:4,1
DA:9,1
LF:3
LH:3
BRF:0
BRH:0
end_of_record
TN:
SF:src/validators/thread.ts
FNF:0
FNH:0
DA:1,1
DA:4,1
LF:2
LH:2
BRF:0
BRH:0
end_of_record
